app/build/intermediates/manifest_merge_blame_file/debug/manifest-merger-blame-debug-report.txt
1<?xml version="1.0" encoding="utf-8"?>
2<manifest xmlns:android="http://schemas.android.com/apk/res/android"
3    package="com.example.vehicle"
4    android:versionCode="1"
5    android:versionName="1.0" >
6
7    <uses-sdk
8        android:minSdkVersion="15"
8-->src\main\AndroidManifest.xml
9        android:targetSdkVersion="28" />
9-->src\main\AndroidManifest.xml
10
11    <application
11-->src\main\AndroidManifest.xml:5:5-34:19
12        android:allowBackup="true"
12-->src\main\AndroidManifest.xml:6:9-35
13        android:appComponentFactory="androidx.core.app.CoreComponentFactory"
13-->[androidx.core:core:1.1.0] AndroidManifest.xml:24:18-86
14        android:debuggable="true"
15        android:icon="@mipmap/ic_launcher"
15-->src\main\AndroidManifest.xml:7:9-43
16        android:label="@string/app_name"
16-->src\main\AndroidManifest.xml:8:9-41
17        android:roundIcon="@mipmap/ic_launcher_round"
17-->src\main\AndroidManifest.xml:9:9-54
18        android:supportsRtl="true"
18-->src\main\AndroidManifest.xml:10:9-35
19        android:testOnly="true"
20        android:theme="@style/AppTheme" >
20-->src\main\AndroidManifest.xml:11:9-40
21        <activity android:name="com.example.vehicle.UserCreater" />
21-->src\main\AndroidManifest.xml:12:9-48
21-->src\main\AndroidManifest.xml:12:19-46
22        <activity android:name="com.example.vehicle.ReservationView" />
22-->src\main\AndroidManifest.xml:13:9-53
22-->src\main\AndroidManifest.xml:13:19-50
23        <activity android:name="com.example.vehicle.vehicledetail" />
23-->src\main\AndroidManifest.xml:14:9-51
23-->src\main\AndroidManifest.xml:14:19-48
24        <activity android:name="com.example.vehicle.EmpLoginView" />
24-->src\main\AndroidManifest.xml:15:9-50
24-->src\main\AndroidManifest.xml:15:19-47
25        <activity android:name="com.example.vehicle.Employee" />
25-->src\main\AndroidManifest.xml:16:9-46
25-->src\main\AndroidManifest.xml:16:19-43
26        <activity android:name="com.example.vehicle.UserLoginView" />
26-->src\main\AndroidManifest.xml:17:9-51
26-->src\main\AndroidManifest.xml:17:19-48
27        <activity android:name="com.example.vehicle.User" />
27-->src\main\AndroidManifest.xml:18:9-42
27-->src\main\AndroidManifest.xml:18:19-39
28        <activity android:name="com.example.vehicle.SplashScreen" >
28-->src\main\AndroidManifest.xml:19:9-25:20
28-->src\main\AndroidManifest.xml:19:19-47
29            <intent-filter>
29-->src\main\AndroidManifest.xml:20:13-24:29
30                <action android:name="android.intent.action.MAIN" />
30-->src\main\AndroidManifest.xml:21:17-69
30-->src\main\AndroidManifest.xml:21:25-66
31
32                <category android:name="android.intent.category.LAUNCHER" />
32-->src\main\AndroidManifest.xml:23:17-77
32-->src\main\AndroidManifest.xml:23:27-74
33            </intent-filter>
34        </activity>
35        <activity android:name="com.example.vehicle.MainActivity" />
35-->src\main\AndroidManifest.xml:26:9-50
35-->src\main\AndroidManifest.xml:26:19-47
36        <activity android:name="com.example.vehicle.VehicleCreater" />
36-->src\main\AndroidManifest.xml:27:9-52
36-->src\main\AndroidManifest.xml:27:19-49
37        <activity android:name="com.example.vehicle.EmployeeDetail" />
37-->src\main\AndroidManifest.xml:28:9-52
37-->src\main\AndroidManifest.xml:28:19-49
38        <activity android:name="com.example.vehicle.allvehicledetail" />
38-->src\main\AndroidManifest.xml:29:9-54
38-->src\main\AndroidManifest.xml:29:19-51
39
40        <meta-data
40-->src\main\AndroidManifest.xml:31:9-33:57
41            android:name="preloaded_fonts"
41-->src\main\AndroidManifest.xml:32:13-43
42            android:resource="@array/preloaded_fonts" />
42-->src\main\AndroidManifest.xml:33:13-54
43    </application>
44
45</manifest>